<?xml version="1.0" encoding="UTF-8"?>
<testsuite xmlns:xsi="http://www.w3.org/2001/XMLSchema-instance" xsi:noNamespaceSchemaLocation="https://maven.apache.org/surefire/maven-surefire-plugin/xsd/surefire-test-report.xsd" name="com.example.demo.DemoApplicationTests" time="129.785" tests="1" errors="0" skipped="0" failures="0">
  <properties>
    <property name="sun.desktop" value="windows"/>
    <property name="awt.toolkit" value="sun.awt.windows.WToolkit"/>
    <property name="file.encoding.pkg" value="sun.io"/>
    <property name="java.specification.version" value="1.8"/>
    <property name="sun.cpu.isalist" value="amd64"/>
    <property name="sun.jnu.encoding" value="Cp1252"/>
    <property name="java.class.path" value="C:\Users\Sonia Sanabria\Desktop\Finanzas\MINTIC2022\Ciclo4\Micro2\target\test-classes;C:\Users\Sonia Sanabria\Desktop\Finanzas\MINTIC2022\Ciclo4\Micro2\target\classes;C:\Users\Sonia Sanabria\.m2\repository\org\springframework\boot\spring-boot-starter-data-mongodb\2.6.0-RC1\spring-boot-starter-data-mongodb-2.6.0-RC1.jar;C:\Users\Sonia Sanabria\.m2\repository\org\springframework\boot\spring-boot-starter\2.6.0-RC1\spring-boot-starter-2.6.0-RC1.jar;C:\Users\Sonia Sanabria\.m2\repository\org\springframework\boot\spring-boot\2.6.0-RC1\spring-boot-2.6.0-RC1.jar;C:\Users\Sonia Sanabria\.m2\repository\org\springframework\boot\spring-boot-autoconfigure\2.6.0-RC1\spring-boot-autoconfigure-2.6.0-RC1.jar;C:\Users\Sonia Sanabria\.m2\repository\org\springframework\boot\spring-boot-starter-logging\2.6.0-RC1\spring-boot-starter-logging-2.6.0-RC1.jar;C:\Users\Sonia Sanabria\.m2\repository\ch\qos\logback\logback-classic\1.2.6\logback-classic-1.2.6.jar;C:\Users\Sonia Sanabria\.m2\repository\ch\qos\logback\logback-core\1.2.6\logback-core-1.2.6.jar;C:\Users\Sonia Sanabria\.m2\repository\org\apache\logging\log4j\log4j-to-slf4j\2.14.1\log4j-to-slf4j-2.14.1.jar;C:\Users\Sonia Sanabria\.m2\repository\org\apache\logging\log4j\log4j-api\2.14.1\log4j-api-2.14.1.jar;C:\Users\Sonia Sanabria\.m2\repository\org\slf4j\jul-to-slf4j\1.7.32\jul-to-slf4j-1.7.32.jar;C:\Users\Sonia Sanabria\.m2\repository\jakarta\annotation\jakarta.annotation-api\1.3.5\jakarta.annotation-api-1.3.5.jar;C:\Users\Sonia Sanabria\.m2\repository\org\yaml\snakeyaml\1.29\snakeyaml-1.29.jar;C:\Users\Sonia Sanabria\.m2\repository\org\mongodb\mongodb-driver-sync\4.4.0-beta1\mongodb-driver-sync-4.4.0-beta1.jar;C:\Users\Sonia Sanabria\.m2\repository\org\mongodb\bson\4.4.0-beta1\bson-4.4.0-beta1.jar;C:\Users\Sonia Sanabria\.m2\repository\org\mongodb\mongodb-driver-core\4.4.0-beta1\mongodb-driver-core-4.4.0-beta1.jar;C:\Users\Sonia Sanabria\.m2\repository\org\springframework\data\spring-data-mongodb\3.3.0-RC1\spring-data-mongodb-3.3.0-RC1.jar;C:\Users\Sonia Sanabria\.m2\repository\org\springframework\spring-tx\5.3.12\spring-tx-5.3.12.jar;C:\Users\Sonia Sanabria\.m2\repository\org\springframework\spring-context\5.3.12\spring-context-5.3.12.jar;C:\Users\Sonia Sanabria\.m2\repository\org\springframework\spring-beans\5.3.12\spring-beans-5.3.12.jar;C:\Users\Sonia Sanabria\.m2\repository\org\springframework\spring-expression\5.3.12\spring-expression-5.3.12.jar;C:\Users\Sonia Sanabria\.m2\repository\org\springframework\data\spring-data-commons\2.6.0-RC1\spring-data-commons-2.6.0-RC1.jar;C:\Users\Sonia Sanabria\.m2\repository\org\slf4j\slf4j-api\1.7.32\slf4j-api-1.7.32.jar;C:\Users\Sonia Sanabria\.m2\repository\org\springframework\boot\spring-boot-starter-web\2.6.0-RC1\spring-boot-starter-web-2.6.0-RC1.jar;C:\Users\Sonia Sanabria\.m2\repository\org\springframework\boot\spring-boot-starter-json\2.6.0-RC1\spring-boot-starter-json-2.6.0-RC1.jar;C:\Users\Sonia Sanabria\.m2\repository\com\fasterxml\jackson\core\jackson-databind\2.13.0\jackson-databind-2.13.0.jar;C:\Users\Sonia Sanabria\.m2\repository\com\fasterxml\jackson\core\jackson-annotations\2.13.0\jackson-annotations-2.13.0.jar;C:\Users\Sonia Sanabria\.m2\repository\com\fasterxml\jackson\core\jackson-core\2.13.0\jackson-core-2.13.0.jar;C:\Users\Sonia Sanabria\.m2\repository\com\fasterxml\jackson\datatype\jackson-datatype-jdk8\2.13.0\jackson-datatype-jdk8-2.13.0.jar;C:\Users\Sonia Sanabria\.m2\repository\com\fasterxml\jackson\datatype\jackson-datatype-jsr310\2.13.0\jackson-datatype-jsr310-2.13.0.jar;C:\Users\Sonia Sanabria\.m2\repository\com\fasterxml\jackson\module\jackson-module-parameter-names\2.13.0\jackson-module-parameter-names-2.13.0.jar;C:\Users\Sonia Sanabria\.m2\repository\org\springframework\boot\spring-boot-starter-tomcat\2.6.0-RC1\spring-boot-starter-tomcat-2.6.0-RC1.jar;C:\Users\Sonia Sanabria\.m2\repository\org\apache\tomcat\embed\tomcat-embed-core\9.0.54\tomcat-embed-core-9.0.54.jar;C:\Users\Sonia Sanabria\.m2\repository\org\apache\tomcat\embed\tomcat-embed-el\9.0.54\tomcat-embed-el-9.0.54.jar;C:\Users\Sonia Sanabria\.m2\repository\org\apache\tomcat\embed\tomcat-embed-websocket\9.0.54\tomcat-embed-websocket-9.0.54.jar;C:\Users\Sonia Sanabria\.m2\repository\org\springframework\spring-web\5.3.12\spring-web-5.3.12.jar;C:\Users\Sonia Sanabria\.m2\repository\org\springframework\spring-webmvc\5.3.12\spring-webmvc-5.3.12.jar;C:\Users\Sonia Sanabria\.m2\repository\org\springframework\spring-aop\5.3.12\spring-aop-5.3.12.jar;C:\Users\Sonia Sanabria\.m2\repository\org\springframework\boot\spring-boot-starter-test\2.6.0-RC1\spring-boot-starter-test-2.6.0-RC1.jar;C:\Users\Sonia Sanabria\.m2\repository\org\springframework\boot\spring-boot-test\2.6.0-RC1\spring-boot-test-2.6.0-RC1.jar;C:\Users\Sonia Sanabria\.m2\repository\org\springframework\boot\spring-boot-test-autoconfigure\2.6.0-RC1\spring-boot-test-autoconfigure-2.6.0-RC1.jar;C:\Users\Sonia Sanabria\.m2\repository\com\jayway\jsonpath\json-path\2.6.0\json-path-2.6.0.jar;C:\Users\Sonia Sanabria\.m2\repository\net\minidev\json-smart\2.4.7\json-smart-2.4.7.jar;C:\Users\Sonia Sanabria\.m2\repository\net\minidev\accessors-smart\2.4.7\accessors-smart-2.4.7.jar;C:\Users\Sonia Sanabria\.m2\repository\org\ow2\asm\asm\9.1\asm-9.1.jar;C:\Users\Sonia Sanabria\.m2\repository\jakarta\xml\bind\jakarta.xml.bind-api\2.3.3\jakarta.xml.bind-api-2.3.3.jar;C:\Users\Sonia Sanabria\.m2\repository\jakarta\activation\jakarta.activation-api\1.2.2\jakarta.activation-api-1.2.2.jar;C:\Users\Sonia Sanabria\.m2\repository\org\assertj\assertj-core\3.21.0\assertj-core-3.21.0.jar;C:\Users\Sonia Sanabria\.m2\repository\org\hamcrest\hamcrest\2.2\hamcrest-2.2.jar;C:\Users\Sonia Sanabria\.m2\repository\org\junit\jupiter\junit-jupiter\5.8.1\junit-jupiter-5.8.1.jar;C:\Users\Sonia Sanabria\.m2\repository\org\junit\jupiter\junit-jupiter-api\5.8.1\junit-jupiter-api-5.8.1.jar;C:\Users\Sonia Sanabria\.m2\repository\org\opentest4j\opentest4j\1.2.0\opentest4j-1.2.0.jar;C:\Users\Sonia Sanabria\.m2\repository\org\junit\platform\junit-platform-commons\1.8.1\junit-platform-commons-1.8.1.jar;C:\Users\Sonia Sanabria\.m2\repository\org\apiguardian\apiguardian-api\1.1.2\apiguardian-api-1.1.2.jar;C:\Users\Sonia Sanabria\.m2\repository\org\junit\jupiter\junit-jupiter-params\5.8.1\junit-jupiter-params-5.8.1.jar;C:\Users\Sonia Sanabria\.m2\repository\org\junit\jupiter\junit-jupiter-engine\5.8.1\junit-jupiter-engine-5.8.1.jar;C:\Users\Sonia Sanabria\.m2\repository\org\junit\platform\junit-platform-engine\1.8.1\junit-platform-engine-1.8.1.jar;C:\Users\Sonia Sanabria\.m2\repository\org\mockito\mockito-core\4.0.0\mockito-core-4.0.0.jar;C:\Users\Sonia Sanabria\.m2\repository\net\bytebuddy\byte-buddy\1.11.21\byte-buddy-1.11.21.jar;C:\Users\Sonia Sanabria\.m2\repository\net\bytebuddy\byte-buddy-agent\1.11.21\byte-buddy-agent-1.11.21.jar;C:\Users\Sonia Sanabria\.m2\repository\org\objenesis\objenesis\3.2\objenesis-3.2.jar;C:\Users\Sonia Sanabria\.m2\repository\org\mockito\mockito-junit-jupiter\4.0.0\mockito-junit-jupiter-4.0.0.jar;C:\Users\Sonia Sanabria\.m2\repository\org\skyscreamer\jsonassert\1.5.0\jsonassert-1.5.0.jar;C:\Users\Sonia Sanabria\.m2\repository\com\vaadin\external\google\android-json\0.0.20131108.vaadin1\android-json-0.0.20131108.vaadin1.jar;C:\Users\Sonia Sanabria\.m2\repository\org\springframework\spring-core\5.3.12\spring-core-5.3.12.jar;C:\Users\Sonia Sanabria\.m2\repository\org\springframework\spring-jcl\5.3.12\spring-jcl-5.3.12.jar;C:\Users\Sonia Sanabria\.m2\repository\org\springframework\spring-test\5.3.12\spring-test-5.3.12.jar;C:\Users\Sonia Sanabria\.m2\repository\org\xmlunit\xmlunit-core\2.8.3\xmlunit-core-2.8.3.jar;C:\Users\Sonia Sanabria\.m2\repository\org\projectlombok\lombok\1.18.22\lombok-1.18.22.jar;C:\Users\Sonia Sanabria\.m2\repository\org\springframework\boot\spring-boot-maven-plugin\2.5.4\spring-boot-maven-plugin-2.5.4.jar;C:\Users\Sonia Sanabria\.m2\repository\org\springframework\boot\spring-boot-buildpack-platform\2.6.0-RC1\spring-boot-buildpack-platform-2.6.0-RC1.jar;C:\Users\Sonia Sanabria\.m2\repository\net\java\dev\jna\jna-platform\5.7.0\jna-platform-5.7.0.jar;C:\Users\Sonia Sanabria\.m2\repository\net\java\dev\jna\jna\5.7.0\jna-5.7.0.jar;C:\Users\Sonia Sanabria\.m2\repository\org\apache\commons\commons-compress\1.21\commons-compress-1.21.jar;C:\Users\Sonia Sanabria\.m2\repository\org\apache\httpcomponents\httpclient\4.5.13\httpclient-4.5.13.jar;C:\Users\Sonia Sanabria\.m2\repository\org\apache\httpcomponents\httpcore\4.4.14\httpcore-4.4.14.jar;C:\Users\Sonia Sanabria\.m2\repository\commons-codec\commons-codec\1.15\commons-codec-1.15.jar;C:\Users\Sonia Sanabria\.m2\repository\org\tomlj\tomlj\1.0.0\tomlj-1.0.0.jar;C:\Users\Sonia Sanabria\.m2\repository\org\antlr\antlr4-runtime\4.7.2\antlr4-runtime-4.7.2.jar;C:\Users\Sonia Sanabria\.m2\repository\com\google\code\findbugs\jsr305\3.0.2\jsr305-3.0.2.jar;C:\Users\Sonia Sanabria\.m2\repository\org\springframework\boot\spring-boot-loader-tools\2.6.0-RC1\spring-boot-loader-tools-2.6.0-RC1.jar;C:\Users\Sonia Sanabria\.m2\repository\org\apache\maven\shared\maven-common-artifact-filters\3.2.0\maven-common-artifact-filters-3.2.0.jar;C:\Users\Sonia Sanabria\.m2\repository\org\apache\maven\maven-artifact\3.1.1\maven-artifact-3.1.1.jar;C:\Users\Sonia Sanabria\.m2\repository\org\apache\maven\maven-model\3.1.1\maven-model-3.1.1.jar;C:\Users\Sonia Sanabria\.m2\repository\org\apache\maven\maven-core\3.1.1\maven-core-3.1.1.jar;C:\Users\Sonia Sanabria\.m2\repository\org\apache\maven\maven-settings\3.1.1\maven-settings-3.1.1.jar;C:\Users\Sonia Sanabria\.m2\repository\org\apache\maven\maven-settings-builder\3.1.1\maven-settings-builder-3.1.1.jar;C:\Users\Sonia Sanabria\.m2\repository\org\apache\maven\maven-repository-metadata\3.1.1\maven-repository-metadata-3.1.1.jar;C:\Users\Sonia Sanabria\.m2\repository\org\apache\maven\maven-model-builder\3.1.1\maven-model-builder-3.1.1.jar;C:\Users\Sonia Sanabria\.m2\repository\org\apache\maven\maven-aether-provider\3.1.1\maven-aether-provider-3.1.1.jar;C:\Users\Sonia Sanabria\.m2\repository\org\eclipse\aether\aether-spi\0.9.0.M2\aether-spi-0.9.0.M2.jar;C:\Users\Sonia Sanabria\.m2\repository\org\eclipse\aether\aether-impl\0.9.0.M2\aether-impl-0.9.0.M2.jar;C:\Users\Sonia Sanabria\.m2\repository\org\codehaus\plexus\plexus-interpolation\1.19\plexus-interpolation-1.19.jar;C:\Users\Sonia Sanabria\.m2\repository\org\codehaus\plexus\plexus-component-annotations\1.5.5\plexus-component-annotations-1.5.5.jar;C:\Users\Sonia Sanabria\.m2\repository\org\sonatype\plexus\plexus-sec-dispatcher\1.3\plexus-sec-dispatcher-1.3.jar;C:\Users\Sonia Sanabria\.m2\repository\org\sonatype\plexus\plexus-cipher\1.4\plexus-cipher-1.4.jar;C:\Users\Sonia Sanabria\.m2\repository\commons-io\commons-io\2.6\commons-io-2.6.jar;C:\Users\Sonia Sanabria\.m2\repository\org\eclipse\aether\aether-api\0.9.0.M2\aether-api-0.9.0.M2.jar;C:\Users\Sonia Sanabria\.m2\repository\org\eclipse\aether\aether-util\0.9.0.M2\aether-util-0.9.0.M2.jar;C:\Users\Sonia Sanabria\.m2\repository\org\eclipse\sisu\org.eclipse.sisu.plexus\0.0.0.M5\org.eclipse.sisu.plexus-0.0.0.M5.jar;C:\Users\Sonia Sanabria\.m2\repository\javax\enterprise\cdi-api\1.0\cdi-api-1.0.jar;C:\Users\Sonia Sanabria\.m2\repository\javax\annotation\jsr250-api\1.0\jsr250-api-1.0.jar;C:\Users\Sonia Sanabria\.m2\repository\javax\inject\javax.inject\1\javax.inject-1.jar;C:\Users\Sonia Sanabria\.m2\repository\com\google\guava\guava\10.0.1\guava-10.0.1.jar;C:\Users\Sonia Sanabria\.m2\repository\org\sonatype\sisu\sisu-guice\3.1.0\sisu-guice-3.1.0-no_aop.jar;C:\Users\Sonia Sanabria\.m2\repository\aopalliance\aopalliance\1.0\aopalliance-1.0.jar;C:\Users\Sonia Sanabria\.m2\repository\org\eclipse\sisu\org.eclipse.sisu.inject\0.0.0.M5\org.eclipse.sisu.inject-0.0.0.M5.jar;C:\Users\Sonia Sanabria\.m2\repository\org\apache\maven\shared\maven-shared-utils\3.3.3\maven-shared-utils-3.3.3.jar;C:\Users\Sonia Sanabria\.m2\repository\org\apache\maven\maven-plugin-api\3.6.3\maven-plugin-api-3.6.3.jar;C:\Users\Sonia Sanabria\.m2\repository\org\codehaus\plexus\plexus-utils\3.2.1\plexus-utils-3.2.1.jar;C:\Users\Sonia Sanabria\.m2\repository\org\codehaus\plexus\plexus-classworlds\2.6.0\plexus-classworlds-2.6.0.jar;C:\Users\Sonia Sanabria\.m2\repository\org\sonatype\plexus\plexus-build-api\0.0.7\plexus-build-api-0.0.7.jar;"/>
    <property name="java.vm.vendor" value="Oracle Corporation"/>
    <property name="sun.arch.data.model" value="64"/>
    <property name="user.variant" value=""/>
    <property name="java.vendor.url" value="http://java.oracle.com/"/>
    <property name="user.timezone" value="America/Bogota"/>
    <property name="java.vm.specification.version" value="1.8"/>
    <property name="os.name" value="Windows 10"/>
    <property name="user.country" value="CO"/>
    <property name="sun.java.launcher" value="SUN_STANDARD"/>
    <property name="sun.boot.library.path" value="C:\Program Files\Java\jre1.8.0_111\bin"/>
    <property name="sun.java.command" value="C:\Users\SONIAS~1\AppData\Local\Temp\surefire5421517585353113660\surefirebooter9191104240508278537.jar C:\Users\Sonia Sanabria\AppData\Local\Temp\surefire5421517585353113660 2021-11-26T22-17-42_815-jvmRun1 surefire4458685220326255806tmp surefire_04661548656028020783tmp"/>
    <property name="surefire.test.class.path" value="C:\Users\Sonia Sanabria\Desktop\Finanzas\MINTIC2022\Ciclo4\Micro2\target\test-classes;C:\Users\Sonia Sanabria\Desktop\Finanzas\MINTIC2022\Ciclo4\Micro2\target\classes;C:\Users\Sonia Sanabria\.m2\repository\org\springframework\boot\spring-boot-starter-data-mongodb\2.6.0-RC1\spring-boot-starter-data-mongodb-2.6.0-RC1.jar;C:\Users\Sonia Sanabria\.m2\repository\org\springframework\boot\spring-boot-starter\2.6.0-RC1\spring-boot-starter-2.6.0-RC1.jar;C:\Users\Sonia Sanabria\.m2\repository\org\springframework\boot\spring-boot\2.6.0-RC1\spring-boot-2.6.0-RC1.jar;C:\Users\Sonia Sanabria\.m2\repository\org\springframework\boot\spring-boot-autoconfigure\2.6.0-RC1\spring-boot-autoconfigure-2.6.0-RC1.jar;C:\Users\Sonia Sanabria\.m2\repository\org\springframework\boot\spring-boot-starter-logging\2.6.0-RC1\spring-boot-starter-logging-2.6.0-RC1.jar;C:\Users\Sonia Sanabria\.m2\repository\ch\qos\logback\logback-classic\1.2.6\logback-classic-1.2.6.jar;C:\Users\Sonia Sanabria\.m2\repository\ch\qos\logback\logback-core\1.2.6\logback-core-1.2.6.jar;C:\Users\Sonia Sanabria\.m2\repository\org\apache\logging\log4j\log4j-to-slf4j\2.14.1\log4j-to-slf4j-2.14.1.jar;C:\Users\Sonia Sanabria\.m2\repository\org\apache\logging\log4j\log4j-api\2.14.1\log4j-api-2.14.1.jar;C:\Users\Sonia Sanabria\.m2\repository\org\slf4j\jul-to-slf4j\1.7.32\jul-to-slf4j-1.7.32.jar;C:\Users\Sonia Sanabria\.m2\repository\jakarta\annotation\jakarta.annotation-api\1.3.5\jakarta.annotation-api-1.3.5.jar;C:\Users\Sonia Sanabria\.m2\repository\org\yaml\snakeyaml\1.29\snakeyaml-1.29.jar;C:\Users\Sonia Sanabria\.m2\repository\org\mongodb\mongodb-driver-sync\4.4.0-beta1\mongodb-driver-sync-4.4.0-beta1.jar;C:\Users\Sonia Sanabria\.m2\repository\org\mongodb\bson\4.4.0-beta1\bson-4.4.0-beta1.jar;C:\Users\Sonia Sanabria\.m2\repository\org\mongodb\mongodb-driver-core\4.4.0-beta1\mongodb-driver-core-4.4.0-beta1.jar;C:\Users\Sonia Sanabria\.m2\repository\org\springframework\data\spring-data-mongodb\3.3.0-RC1\spring-data-mongodb-3.3.0-RC1.jar;C:\Users\Sonia Sanabria\.m2\repository\org\springframework\spring-tx\5.3.12\spring-tx-5.3.12.jar;C:\Users\Sonia Sanabria\.m2\repository\org\springframework\spring-context\5.3.12\spring-context-5.3.12.jar;C:\Users\Sonia Sanabria\.m2\repository\org\springframework\spring-beans\5.3.12\spring-beans-5.3.12.jar;C:\Users\Sonia Sanabria\.m2\repository\org\springframework\spring-expression\5.3.12\spring-expression-5.3.12.jar;C:\Users\Sonia Sanabria\.m2\repository\org\springframework\data\spring-data-commons\2.6.0-RC1\spring-data-commons-2.6.0-RC1.jar;C:\Users\Sonia Sanabria\.m2\repository\org\slf4j\slf4j-api\1.7.32\slf4j-api-1.7.32.jar;C:\Users\Sonia Sanabria\.m2\repository\org\springframework\boot\spring-boot-starter-web\2.6.0-RC1\spring-boot-starter-web-2.6.0-RC1.jar;C:\Users\Sonia Sanabria\.m2\repository\org\springframework\boot\spring-boot-starter-json\2.6.0-RC1\spring-boot-starter-json-2.6.0-RC1.jar;C:\Users\Sonia Sanabria\.m2\repository\com\fasterxml\jackson\core\jackson-databind\2.13.0\jackson-databind-2.13.0.jar;C:\Users\Sonia Sanabria\.m2\repository\com\fasterxml\jackson\core\jackson-annotations\2.13.0\jackson-annotations-2.13.0.jar;C:\Users\Sonia Sanabria\.m2\repository\com\fasterxml\jackson\core\jackson-core\2.13.0\jackson-core-2.13.0.jar;C:\Users\Sonia Sanabria\.m2\repository\com\fasterxml\jackson\datatype\jackson-datatype-jdk8\2.13.0\jackson-datatype-jdk8-2.13.0.jar;C:\Users\Sonia Sanabria\.m2\repository\com\fasterxml\jackson\datatype\jackson-datatype-jsr310\2.13.0\jackson-datatype-jsr310-2.13.0.jar;C:\Users\Sonia Sanabria\.m2\repository\com\fasterxml\jackson\module\jackson-module-parameter-names\2.13.0\jackson-module-parameter-names-2.13.0.jar;C:\Users\Sonia Sanabria\.m2\repository\org\springframework\boot\spring-boot-starter-tomcat\2.6.0-RC1\spring-boot-starter-tomcat-2.6.0-RC1.jar;C:\Users\Sonia Sanabria\.m2\repository\org\apache\tomcat\embed\tomcat-embed-core\9.0.54\tomcat-embed-core-9.0.54.jar;C:\Users\Sonia Sanabria\.m2\repository\org\apache\tomcat\embed\tomcat-embed-el\9.0.54\tomcat-embed-el-9.0.54.jar;C:\Users\Sonia Sanabria\.m2\repository\org\apache\tomcat\embed\tomcat-embed-websocket\9.0.54\tomcat-embed-websocket-9.0.54.jar;C:\Users\Sonia Sanabria\.m2\repository\org\springframework\spring-web\5.3.12\spring-web-5.3.12.jar;C:\Users\Sonia Sanabria\.m2\repository\org\springframework\spring-webmvc\5.3.12\spring-webmvc-5.3.12.jar;C:\Users\Sonia Sanabria\.m2\repository\org\springframework\spring-aop\5.3.12\spring-aop-5.3.12.jar;C:\Users\Sonia Sanabria\.m2\repository\org\springframework\boot\spring-boot-starter-test\2.6.0-RC1\spring-boot-starter-test-2.6.0-RC1.jar;C:\Users\Sonia Sanabria\.m2\repository\org\springframework\boot\spring-boot-test\2.6.0-RC1\spring-boot-test-2.6.0-RC1.jar;C:\Users\Sonia Sanabria\.m2\repository\org\springframework\boot\spring-boot-test-autoconfigure\2.6.0-RC1\spring-boot-test-autoconfigure-2.6.0-RC1.jar;C:\Users\Sonia Sanabria\.m2\repository\com\jayway\jsonpath\json-path\2.6.0\json-path-2.6.0.jar;C:\Users\Sonia Sanabria\.m2\repository\net\minidev\json-smart\2.4.7\json-smart-2.4.7.jar;C:\Users\Sonia Sanabria\.m2\repository\net\minidev\accessors-smart\2.4.7\accessors-smart-2.4.7.jar;C:\Users\Sonia Sanabria\.m2\repository\org\ow2\asm\asm\9.1\asm-9.1.jar;C:\Users\Sonia Sanabria\.m2\repository\jakarta\xml\bind\jakarta.xml.bind-api\2.3.3\jakarta.xml.bind-api-2.3.3.jar;C:\Users\Sonia Sanabria\.m2\repository\jakarta\activation\jakarta.activation-api\1.2.2\jakarta.activation-api-1.2.2.jar;C:\Users\Sonia Sanabria\.m2\repository\org\assertj\assertj-core\3.21.0\assertj-core-3.21.0.jar;C:\Users\Sonia Sanabria\.m2\repository\org\hamcrest\hamcrest\2.2\hamcrest-2.2.jar;C:\Users\Sonia Sanabria\.m2\repository\org\junit\jupiter\junit-jupiter\5.8.1\junit-jupiter-5.8.1.jar;C:\Users\Sonia Sanabria\.m2\repository\org\junit\jupiter\junit-jupiter-api\5.8.1\junit-jupiter-api-5.8.1.jar;C:\Users\Sonia Sanabria\.m2\repository\org\opentest4j\opentest4j\1.2.0\opentest4j-1.2.0.jar;C:\Users\Sonia Sanabria\.m2\repository\org\junit\platform\junit-platform-commons\1.8.1\junit-platform-commons-1.8.1.jar;C:\Users\Sonia Sanabria\.m2\repository\org\apiguardian\apiguardian-api\1.1.2\apiguardian-api-1.1.2.jar;C:\Users\Sonia Sanabria\.m2\repository\org\junit\jupiter\junit-jupiter-params\5.8.1\junit-jupiter-params-5.8.1.jar;C:\Users\Sonia Sanabria\.m2\repository\org\junit\jupiter\junit-jupiter-engine\5.8.1\junit-jupiter-engine-5.8.1.jar;C:\Users\Sonia Sanabria\.m2\repository\org\junit\platform\junit-platform-engine\1.8.1\junit-platform-engine-1.8.1.jar;C:\Users\Sonia Sanabria\.m2\repository\org\mockito\mockito-core\4.0.0\mockito-core-4.0.0.jar;C:\Users\Sonia Sanabria\.m2\repository\net\bytebuddy\byte-buddy\1.11.21\byte-buddy-1.11.21.jar;C:\Users\Sonia Sanabria\.m2\repository\net\bytebuddy\byte-buddy-agent\1.11.21\byte-buddy-agent-1.11.21.jar;C:\Users\Sonia Sanabria\.m2\repository\org\objenesis\objenesis\3.2\objenesis-3.2.jar;C:\Users\Sonia Sanabria\.m2\repository\org\mockito\mockito-junit-jupiter\4.0.0\mockito-junit-jupiter-4.0.0.jar;C:\Users\Sonia Sanabria\.m2\repository\org\skyscreamer\jsonassert\1.5.0\jsonassert-1.5.0.jar;C:\Users\Sonia Sanabria\.m2\repository\com\vaadin\external\google\android-json\0.0.20131108.vaadin1\android-json-0.0.20131108.vaadin1.jar;C:\Users\Sonia Sanabria\.m2\repository\org\springframework\spring-core\5.3.12\spring-core-5.3.12.jar;C:\Users\Sonia Sanabria\.m2\repository\org\springframework\spring-jcl\5.3.12\spring-jcl-5.3.12.jar;C:\Users\Sonia Sanabria\.m2\repository\org\springframework\spring-test\5.3.12\spring-test-5.3.12.jar;C:\Users\Sonia Sanabria\.m2\repository\org\xmlunit\xmlunit-core\2.8.3\xmlunit-core-2.8.3.jar;C:\Users\Sonia Sanabria\.m2\repository\org\projectlombok\lombok\1.18.22\lombok-1.18.22.jar;C:\Users\Sonia Sanabria\.m2\repository\org\springframework\boot\spring-boot-maven-plugin\2.5.4\spring-boot-maven-plugin-2.5.4.jar;C:\Users\Sonia Sanabria\.m2\repository\org\springframework\boot\spring-boot-buildpack-platform\2.6.0-RC1\spring-boot-buildpack-platform-2.6.0-RC1.jar;C:\Users\Sonia Sanabria\.m2\repository\net\java\dev\jna\jna-platform\5.7.0\jna-platform-5.7.0.jar;C:\Users\Sonia Sanabria\.m2\repository\net\java\dev\jna\jna\5.7.0\jna-5.7.0.jar;C:\Users\Sonia Sanabria\.m2\repository\org\apache\commons\commons-compress\1.21\commons-compress-1.21.jar;C:\Users\Sonia Sanabria\.m2\repository\org\apache\httpcomponents\httpclient\4.5.13\httpclient-4.5.13.jar;C:\Users\Sonia Sanabria\.m2\repository\org\apache\httpcomponents\httpcore\4.4.14\httpcore-4.4.14.jar;C:\Users\Sonia Sanabria\.m2\repository\commons-codec\commons-codec\1.15\commons-codec-1.15.jar;C:\Users\Sonia Sanabria\.m2\repository\org\tomlj\tomlj\1.0.0\tomlj-1.0.0.jar;C:\Users\Sonia Sanabria\.m2\repository\org\antlr\antlr4-runtime\4.7.2\antlr4-runtime-4.7.2.jar;C:\Users\Sonia Sanabria\.m2\repository\com\google\code\findbugs\jsr305\3.0.2\jsr305-3.0.2.jar;C:\Users\Sonia Sanabria\.m2\repository\org\springframework\boot\spring-boot-loader-tools\2.6.0-RC1\spring-boot-loader-tools-2.6.0-RC1.jar;C:\Users\Sonia Sanabria\.m2\repository\org\apache\maven\shared\maven-common-artifact-filters\3.2.0\maven-common-artifact-filters-3.2.0.jar;C:\Users\Sonia Sanabria\.m2\repository\org\apache\maven\maven-artifact\3.1.1\maven-artifact-3.1.1.jar;C:\Users\Sonia Sanabria\.m2\repository\org\apache\maven\maven-model\3.1.1\maven-model-3.1.1.jar;C:\Users\Sonia Sanabria\.m2\repository\org\apache\maven\maven-core\3.1.1\maven-core-3.1.1.jar;C:\Users\Sonia Sanabria\.m2\repository\org\apache\maven\maven-settings\3.1.1\maven-settings-3.1.1.jar;C:\Users\Sonia Sanabria\.m2\repository\org\apache\maven\maven-settings-builder\3.1.1\maven-settings-builder-3.1.1.jar;C:\Users\Sonia Sanabria\.m2\repository\org\apache\maven\maven-repository-metadata\3.1.1\maven-repository-metadata-3.1.1.jar;C:\Users\Sonia Sanabria\.m2\repository\org\apache\maven\maven-model-builder\3.1.1\maven-model-builder-3.1.1.jar;C:\Users\Sonia Sanabria\.m2\repository\org\apache\maven\maven-aether-provider\3.1.1\maven-aether-provider-3.1.1.jar;C:\Users\Sonia Sanabria\.m2\repository\org\eclipse\aether\aether-spi\0.9.0.M2\aether-spi-0.9.0.M2.jar;C:\Users\Sonia Sanabria\.m2\repository\org\eclipse\aether\aether-impl\0.9.0.M2\aether-impl-0.9.0.M2.jar;C:\Users\Sonia Sanabria\.m2\repository\org\codehaus\plexus\plexus-interpolation\1.19\plexus-interpolation-1.19.jar;C:\Users\Sonia Sanabria\.m2\repository\org\codehaus\plexus\plexus-component-annotations\1.5.5\plexus-component-annotations-1.5.5.jar;C:\Users\Sonia Sanabria\.m2\repository\org\sonatype\plexus\plexus-sec-dispatcher\1.3\plexus-sec-dispatcher-1.3.jar;C:\Users\Sonia Sanabria\.m2\repository\org\sonatype\plexus\plexus-cipher\1.4\plexus-cipher-1.4.jar;C:\Users\Sonia Sanabria\.m2\repository\commons-io\commons-io\2.6\commons-io-2.6.jar;C:\Users\Sonia Sanabria\.m2\repository\org\eclipse\aether\aether-api\0.9.0.M2\aether-api-0.9.0.M2.jar;C:\Users\Sonia Sanabria\.m2\repository\org\eclipse\aether\aether-util\0.9.0.M2\aether-util-0.9.0.M2.jar;C:\Users\Sonia Sanabria\.m2\repository\org\eclipse\sisu\org.eclipse.sisu.plexus\0.0.0.M5\org.eclipse.sisu.plexus-0.0.0.M5.jar;C:\Users\Sonia Sanabria\.m2\repository\javax\enterprise\cdi-api\1.0\cdi-api-1.0.jar;C:\Users\Sonia Sanabria\.m2\repository\javax\annotation\jsr250-api\1.0\jsr250-api-1.0.jar;C:\Users\Sonia Sanabria\.m2\repository\javax\inject\javax.inject\1\javax.inject-1.jar;C:\Users\Sonia Sanabria\.m2\repository\com\google\guava\guava\10.0.1\guava-10.0.1.jar;C:\Users\Sonia Sanabria\.m2\repository\org\sonatype\sisu\sisu-guice\3.1.0\sisu-guice-3.1.0-no_aop.jar;C:\Users\Sonia Sanabria\.m2\repository\aopalliance\aopalliance\1.0\aopalliance-1.0.jar;C:\Users\Sonia Sanabria\.m2\repository\org\eclipse\sisu\org.eclipse.sisu.inject\0.0.0.M5\org.eclipse.sisu.inject-0.0.0.M5.jar;C:\Users\Sonia Sanabria\.m2\repository\org\apache\maven\shared\maven-shared-utils\3.3.3\maven-shared-utils-3.3.3.jar;C:\Users\Sonia Sanabria\.m2\repository\org\apache\maven\maven-plugin-api\3.6.3\maven-plugin-api-3.6.3.jar;C:\Users\Sonia Sanabria\.m2\repository\org\codehaus\plexus\plexus-utils\3.2.1\plexus-utils-3.2.1.jar;C:\Users\Sonia Sanabria\.m2\repository\org\codehaus\plexus\plexus-classworlds\2.6.0\plexus-classworlds-2.6.0.jar;C:\Users\Sonia Sanabria\.m2\repository\org\sonatype\plexus\plexus-build-api\0.0.7\plexus-build-api-0.0.7.jar;"/>
    <property name="sun.cpu.endian" value="little"/>
    <property name="user.home" value="C:\Users\Sonia Sanabria"/>
    <property name="user.language" value="es"/>
    <property name="java.specification.vendor" value="Oracle Corporation"/>
    <property name="java.home" value="C:\Program Files\Java\jre1.8.0_111"/>
    <property name="basedir" value="C:\Users\Sonia Sanabria\Desktop\Finanzas\MINTIC2022\Ciclo4\Micro2"/>
    <property name="file.separator" value="\"/>
    <property name="line.separator" value="&#10;"/>
    <property name="java.vm.specification.vendor" value="Oracle Corporation"/>
    <property name="java.specification.name" value="Java Platform API Specification"/>
    <property name="java.awt.graphicsenv" value="sun.awt.Win32GraphicsEnvironment"/>
    <property name="surefire.real.class.path" value="C:\Users\SONIAS~1\AppData\Local\Temp\surefire5421517585353113660\surefirebooter9191104240508278537.jar"/>
    <property name="sun.boot.class.path" value="C:\Program Files\Java\jre1.8.0_111\lib\resources.jar;C:\Program Files\Java\jre1.8.0_111\lib\rt.jar;C:\Program Files\Java\jre1.8.0_111\lib\sunrsasign.jar;C:\Program Files\Java\jre1.8.0_111\lib\jsse.jar;C:\Program Files\Java\jre1.8.0_111\lib\jce.jar;C:\Program Files\Java\jre1.8.0_111\lib\charsets.jar;C:\Program Files\Java\jre1.8.0_111\lib\jfr.jar;C:\Program Files\Java\jre1.8.0_111\classes"/>
    <property name="user.script" value=""/>
    <property name="sun.management.compiler" value="HotSpot 64-Bit Tiered Compilers"/>
    <property name="java.runtime.version" value="1.8.0_111-b14"/>
    <property name="user.name" value="Sonia Sanabria"/>
    <property name="path.separator" value=";"/>
    <property name="os.version" value="10.0"/>
    <property name="java.endorsed.dirs" value="C:\Program Files\Java\jre1.8.0_111\lib\endorsed"/>
    <property name="java.runtime.name" value="Java(TM) SE Runtime Environment"/>
    <property name="file.encoding" value="Cp1252"/>
    <property name="java.vm.name" value="Java HotSpot(TM) 64-Bit Server VM"/>
    <property name="localRepository" value="C:\Users\Sonia Sanabria\.m2\repository"/>
    <property name="java.vendor.url.bug" value="http://bugreport.sun.com/bugreport/"/>
    <property name="java.io.tmpdir" value="C:\Users\SONIAS~1\AppData\Local\Temp\"/>
    <property name="java.version" value="1.8.0_111"/>
    <property name="user.dir" value="C:\Users\Sonia Sanabria\Desktop\Finanzas\MINTIC2022\Ciclo4\Micro2"/>
    <property name="os.arch" value="amd64"/>
    <property name="java.vm.specification.name" value="Java Virtual Machine Specification"/>
    <property name="java.awt.printerjob" value="sun.awt.windows.WPrinterJob"/>
    <property name="sun.os.patch.level" value=""/>
    <property name="java.library.path" value="C:\Program Files\Java\jre1.8.0_111\bin;C:\WINDOWS\Sun\Java\bin;C:\WINDOWS\system32;C:\WINDOWS;C:\ProgramData\Oracle\Java\javapath;C:\WINDOWS\system32;C:\WINDOWS;C:\WINDOWS\System32\Wbem;C:\WINDOWS\System32\WindowsPowerShell\v1.0\;C:\Program Files (x86)\Skype\Phone\;C:\WINDOWS\System32\OpenSSH\;C:\Program Files\Docker\Docker\resources\bin;C:\ProgramData\DockerDesktop\version-bin;%JAVA_HOME%\bin;C:\Program Files\Maven\Maven 3.8.4\bin;C:\Users\Administrador;C:\Users\Sonia Sanabria\AppData\Local\Microsoft\WindowsApps;;C:\Users\Sonia Sanabria\AppData\Local\Programs\Microsoft VS Code\bin;C:\Program Files\heroku\bin;."/>
    <property name="java.vm.info" value="mixed mode"/>
    <property name="java.vendor" value="Oracle Corporation"/>
    <property name="java.vm.version" value="25.111-b14"/>
    <property name="java.ext.dirs" value="C:\Program Files\Java\jre1.8.0_111\lib\ext;C:\WINDOWS\Sun\Java\lib\ext"/>
    <property name="sun.io.unicode.encoding" value="UnicodeLittle"/>
    <property name="java.class.version" value="52.0"/>
  </properties>
  <testcase name="contextLoads" classname="com.example.demo.DemoApplicationTests" time="8.083"/>
</testsuite>